loading triplets: /home/wallacelab/teba/multimodal_brain_inspired/ke/spose-py/data/triplet_dataset/trainset.txt
loading validation triplets: /home/wallacelab/teba/multimodal_brain_inspired/ke/spose-py/data/triplet_dataset/validationset.txt
objects: 1854  |  train triplets: 4,120,663  |  val triplets: 453,642
device: cuda
epoch    1  loss      40380.3  active_dims  82  val_acc 63.01%
epoch    2  loss      37520.6  active_dims  73  val_acc 63.48%
epoch    3  loss      37181.9  active_dims  69  val_acc 63.64%
epoch    4  loss      36973.7  active_dims  65  val_acc 63.67%
epoch    5  loss      36811.8  active_dims  56  val_acc 63.75%
epoch    6  loss      36717.7  active_dims  54  val_acc 63.76%
epoch    7  loss      36641.9  active_dims  50  val_acc 63.82%
epoch    8  loss      36581.9  active_dims  47  val_acc 63.81%
epoch    9  loss      36537.6  active_dims  45  val_acc 63.81%
epoch   10  loss      36502.4  active_dims  45  val_acc 63.76%
epoch   11  loss      36464.9  active_dims  42  val_acc 63.82%
epoch   12  loss      36441.0  active_dims  42  val_acc 63.80%
epoch   13  loss      36415.9  active_dims  42  val_acc 63.80%
epoch   14  loss      36392.3  active_dims  42  val_acc 63.80%
epoch   15  loss      36371.4  active_dims  41  val_acc 63.80%
epoch   16  loss      36348.5  active_dims  41  val_acc 63.80%
epoch   17  loss      36335.1  active_dims  40  val_acc 63.76%
early stop at epoch 17 (best val_acc 63.82%)
done: 90 initial dims -> 50 after pruning  |  final val_acc 63.82%
wrote final checkpoint cache/checkpoints/model_epoch0200.tar
saved embedding (1854, 50) -> cache/spose_embedding_trained.txt
final odd-one-out val accuracy: 63.82%
